Last update: Sat Jul  4 19:16:33 UTC 2026
Sat Jul  4 19:39:57 UTC 2026 - Automatic activity 1
Sat Jul  4 19:39:59 UTC 2026 - Automatic activity 2
Sat Jul  4 19:40:01 UTC 2026 - Automatic activity 3
Sat Jul  4 19:40:03 UTC 2026 - Automatic activity 4
Sat Jul  4 19:40:05 UTC 2026 - Automatic activity 5
Sat Jul  4 19:40:07 UTC 2026 - Automatic activity 6
Sat Jul  4 19:40:09 UTC 2026 - Automatic activity 7
Sat Jul  4 19:40:11 UTC 2026 - Automatic activity 8
Sat Jul  4 19:40:13 UTC 2026 - Automatic activity 9
Sat Jul  4 19:40:15 UTC 2026 - Automatic activity 10
Sun Jul  5 01:42:07 UTC 2026 - Automatic activity 1
Sun Jul  5 01:42:09 UTC 2026 - Automatic activity 2
Sun Jul  5 01:42:11 UTC 2026 - Automatic activity 3
Sun Jul  5 01:42:13 UTC 2026 - Automatic activity 4
Sun Jul  5 01:42:15 UTC 2026 - Automatic activity 5
Sun Jul  5 01:42:17 UTC 2026 - Automatic activity 6
Sun Jul  5 01:42:19 UTC 2026 - Automatic activity 7
Sun Jul  5 01:42:21 UTC 2026 - Automatic activity 8
Mon Jul  6 01:47:51 UTC 2026 - Automatic activity 1
Mon Jul  6 01:47:53 UTC 2026 - Automatic activity 2
Mon Jul  6 01:47:55 UTC 2026 - Automatic activity 3
Mon Jul  6 01:47:57 UTC 2026 - Automatic activity 4
Mon Jul  6 01:47:59 UTC 2026 - Automatic activity 5
Mon Jul  6 01:48:01 UTC 2026 - Automatic activity 6
Mon Jul  6 01:48:03 UTC 2026 - Automatic activity 7
Tue Jul  7 01:45:20 UTC 2026 - Automatic activity 1
Tue Jul  7 01:45:22 UTC 2026 - Automatic activity 2
Tue Jul  7 01:45:24 UTC 2026 - Automatic activity 3
Tue Jul  7 01:45:26 UTC 2026 - Automatic activity 4
Tue Jul  7 01:45:28 UTC 2026 - Automatic activity 5
Tue Jul  7 01:45:30 UTC 2026 - Automatic activity 6
Tue Jul  7 01:45:32 UTC 2026 - Automatic activity 7
Wed Jul  8 01:18:27 UTC 2026 - Automatic activity 1
Wed Jul  8 01:18:29 UTC 2026 - Automatic activity 2
Wed Jul  8 01:18:31 UTC 2026 - Automatic activity 3
